<?xml version="1.0" encoding="UTF-8"?>
<!-- Generated by org.testng.reporters.JUnitReportReporter -->
<testsuite hostname="Haris-MacBook-Pro.local" failures="0" tests="1" name="com.example.HelloWorldTest" time="0.583" errors="0" timestamp="2024-07-05T00:47:46 IST" skipped="0">
  <testcase classname="com.example.HelloWorldTest" name="testHelloFromBackend" time="0.583"/>
</testsuite> <!-- com.example.HelloWorldTest -->
